$ mvn clean install -s "C:\Program Files\Maven\apache-maven-3.3.9 - zafin\conf\settings - Taining.xml" -Djavax.net.debug=all
[INFO] Scanning for projects...
[INFO] Computing target platform for MavenProject: org.eclipse.xtext:org.eclipse.xtext.p2-repository:2.21.0-SNAPSHOT @ C:\Users\neera\git\commit\xtext-eclipse\releng\org.eclipse.xtext.p2-repository\pom.xml
keyStore is :
keyStore type is : jks
keyStore provider is :
init keystore
init keymanager of type SunX509
trustStore is: C:\Program Files\Java\jdk1.8.0_91\jre\lib\security\cacerts
trustStore type is : jks
trustStore provider is :
init truststore
adding as trusted cert:
  Subject: CN=Equifax Secure Global eBusiness CA-1, O=Equifax Secure Inc., C=US
  Issuer:  CN=Equifax Secure Global eBusiness CA-1, O=Equifax Secure Inc., C=US
  Algorithm: RSA; Serial number: 0xc3517
  Valid from Mon Jun 21 09:30:00 IST 1999 until Mon Jun 22 09:30:00 IST 2020

adding as trusted cert:
  Subject: CN=SecureTrust CA, O=SecureTrust Corporation, C=US
  Issuer:  CN=SecureTrust CA, O=SecureTrust Corporation, C=US
  Algorithm: RSA; Serial number: 0xcf08e5c0816a5ad427ff0eb271859d0
  Valid from Wed Nov 08 01:01:18 IST 2006 until Tue Jan 01 01:10:55 IST 2030

adding as trusted cert:
  Subject: CN=Entrust Root Certification Authority - EC1, OU="(c) 2012 Entrust, Inc. - for authorized use only", OU=See www.entrust.net/legal-terms, O="Entrust, Inc.", C=US
  Issuer:  CN=Entrust Root Certification Authority - EC1, OU="(c) 2012 Entrust, Inc. - for authorized use only", OU=See www.entrust.net/legal-terms, O="Entrust, Inc.", C=US
  Algorithm: EC; Serial number: 0xa68b79290000000050d091f9
  Valid from Tue Dec 18 20:55:36 IST 2012 until Fri Dec 18 21:25:36 IST 2037

adding as trusted cert:
  Subject: OU=Security Communication RootCA1, O=SECOM Trust.net, C=JP
  Issuer:  OU=Security Communication RootCA1, O=SECOM Trust.net, C=JP
  Algorithm: RSA; Serial number: 0x0
  Valid from Tue Sep 30 09:50:49 IST 2003 until Sat Sep 30 09:50:49 IST 2023

adding as trusted cert:
  Subject: CN=DigiCert Global Root CA, OU=www.digicert.com, O=DigiCert Inc, C=US
  Issuer:  CN=DigiCert Global Root CA, OU=www.digicert.com, O=DigiCert Inc, C=US
  Algorithm: RSA; Serial number: 0x83be056904246b1a1756ac95991c74a
  Valid from Fri Nov 10 05:30:00 IST 2006 until Mon Nov 10 05:30:00 IST 2031

adding as trusted cert:
  Subject: CN=QuoVadis Root CA 2 G3, O=QuoVadis Limited, C=BM
  Issuer:  CN=QuoVadis Root CA 2 G3, O=QuoVadis Limited, C=BM
  Algorithm: RSA; Serial number: 0x445734245b81899b35f2ceb82b3b5ba726f07528
  Valid from Fri Jan 13 00:29:32 IST 2012 until Mon Jan 13 00:29:32 IST 2042

adding as trusted cert:
  Subject: CN=DigiCert Trusted Root G4, OU=www.digicert.com, O=DigiCert Inc, C=US
  Issuer:  CN=DigiCert Trusted Root G4, OU=www.digicert.com, O=DigiCert Inc, C=US
  Algorithm: RSA; Serial number: 0x59b1b579e8e2132e23907bda777755c
  Valid from Thu Aug 01 17:30:00 IST 2013 until Fri Jan 15 17:30:00 IST 2038

adding as trusted cert:
  Subject: CN=GeoTrust Primary Certification Authority, O=GeoTrust Inc., C=US
  Issuer:  CN=GeoTrust Primary Certification Authority, O=GeoTrust Inc., C=US
  Algorithm: RSA; Serial number: 0x18acb56afd69b6153a636cafdafac4a1
  Valid from Mon Nov 27 05:30:00 IST 2006 until Thu Jul 17 05:29:59 IST 2036

adding as trusted cert:
  Subject: OU=Security Communication RootCA2, O="SECOM Trust Systems CO.,LTD.", C=JP
  Issuer:  OU=Security Communication RootCA2, O="SECOM Trust Systems CO.,LTD.", C=JP
  Algorithm: RSA; Serial number: 0x0
  Valid from Fri May 29 10:30:39 IST 2009 until Tue May 29 10:30:39 IST 2029

adding as trusted cert:
  Subject: OU=VeriSign Trust Network, OU="(c) 1998 VeriSign, Inc. - For authorized use only", OU=Class 3 Public Primary Certification Authority - G2, O="VeriSign, Inc.", C=US
  Issuer:  OU=VeriSign Trust Network, OU="(c) 1998 VeriSign, Inc. - For authorized use only", OU=Class 3 Public Primary Certification Authority - G2, O="VeriSign, Inc.", C=US
  Algorithm: RSA; Serial number: 0x7dd9fe07cfa81eb7107967fba78934c6
  Valid from Mon May 18 05:30:00 IST 1998 until Wed Aug 02 05:29:59 IST 2028

adding as trusted cert:
  Subject: OU=ePKI Root Certification Authority, O="Chunghwa Telecom Co., Ltd.", C=TW
  Issuer:  OU=ePKI Root Certification Authority, O="Chunghwa Telecom Co., Ltd.", C=TW
  Algorithm: RSA; Serial number: 0x15c8bd65475cafb897005ee406d2bc9d
  Valid from Mon Dec 20 08:01:27 IST 2004 until Wed Dec 20 08:01:27 IST 2034

adding as trusted cert:
  Subject: CN=AffirmTrust Commercial, O=AffirmTrust, C=US
  Issuer:  CN=AffirmTrust Commercial, O=AffirmTrust, C=US
  Algorithm: RSA; Serial number: 0x7777062726a9b17c
  Valid from Fri Jan 29 19:36:06 IST 2010 until Tue Dec 31 19:36:06 IST 2030

adding as trusted cert:
  Subject: CN=Certum Trusted Network CA, OU=Certum Certification Authority, O=Unizeto Technologies S.A., C=PL
  Issuer:  CN=Certum Trusted Network CA, OU=Certum Certification Authority, O=Unizeto Technologies S.A., C=PL
  Algorithm: RSA; Serial number: 0x444c0
  Valid from Wed Oct 22 17:37:37 IST 2008 until Mon Dec 31 17:37:37 IST 2029

adding as trusted cert:
  Subject: CN=XRamp Global Certification Authority, O=XRamp Security Services Inc, OU=www.xrampsecurity.com, C=US
  Issuer:  CN=XRamp Global Certification Authority, O=XRamp Security Services Inc, OU=www.xrampsecurity.com, C=US
  Algorithm: RSA; Serial number: 0x50946cec18ead59c4dd597ef758fa0ad
  Valid from Mon Nov 01 22:44:04 IST 2004 until Mon Jan 01 11:07:19 IST 2035

adding as trusted cert:
  Subject: CN=Sonera Class2 CA, O=Sonera, C=FI
  Issuer:  CN=Sonera Class2 CA, O=Sonera, C=FI
  Algorithm: RSA; Serial number: 0x1d
  Valid from Fri Apr 06 12:59:40 IST 2001 until Tue Apr 06 12:59:40 IST 2021

adding as trusted cert:
  Subject: CN=America Online Root Certification Authority 1, O=America Online Inc., C=US
  Issuer:  CN=America Online Root Certification Authority 1, O=America Online Inc., C=US
  Algorithm: RSA; Serial number: 0x1
  Valid from Tue May 28 11:30:00 IST 2002 until Fri Nov 20 02:13:00 IST 2037

adding as trusted cert:
  Subject: CN=GeoTrust Primary Certification Authority - G2, OU=(c) 2007 GeoTrust Inc. - For authorized use only, O=GeoTrust Inc., C=US
  Issuer:  CN=GeoTrust Primary Certification Authority - G2, OU=(c) 2007 GeoTrust Inc. - For authorized use only, O=GeoTrust Inc., C=US
  Algorithm: EC; Serial number: 0x3cb2f4480a00e2feeb243b5e603ec36b
  Valid from Mon Nov 05 05:30:00 IST 2007 until Tue Jan 19 05:29:59 IST 2038

adding as trusted cert:
  Subject: OU=Equifax Secure Certificate Authority, O=Equifax, C=US
  Issuer:  OU=Equifax Secure Certificate Authority, O=Equifax, C=US
  Algorithm: RSA; Serial number: 0x35def4cf
  Valid from Sat Aug 22 22:11:51 IST 1998 until Wed Aug 22 22:11:51 IST 2018

adding as trusted cert:
  Subject: CN=COMODO ECC Certification Authority, O=COMODO CA Limited, L=Salford, ST=Greater Manchester, C=GB
  Issuer:  CN=COMODO ECC Certification Authority, O=COMODO CA Limited, L=Salford, ST=Greater Manchester, C=GB
  Algorithm: EC; Serial number: 0x1f47afaa62007050544c019e9b63992a
  Valid from Thu Mar 06 05:30:00 IST 2008 until Tue Jan 19 05:29:59 IST 2038

adding as trusted cert:
  Subject: CN=DigiCert High Assurance EV Root CA, OU=www.digicert.com, O=DigiCert Inc, C=US
  Issuer:  CN=DigiCert High Assurance EV Root CA, OU=www.digicert.com, O=DigiCert Inc, C=US
  Algorithm: RSA; Serial number: 0x2ac5c266a0b409b8f0b79f2ae462577
  Valid from Fri Nov 10 05:30:00 IST 2006 until Mon Nov 10 05:30:00 IST 2031

adding as trusted cert:
  Subject: CN=GeoTrust Universal CA, O=GeoTrust Inc., C=US
  Issuer:  CN=GeoTrust Universal CA, O=GeoTrust Inc., C=US
  Algorithm: RSA; Serial number: 0x1
  Valid from Thu Mar 04 10:30:00 IST 2004 until Sun Mar 04 10:30:00 IST 2029

adding as trusted cert:
  Subject: CN=GlobalSign, O=GlobalSign, OU=GlobalSign Root CA - R3
  Issuer:  CN=GlobalSign, O=GlobalSign, OU=GlobalSign Root CA - R3
  Algorithm: RSA; Serial number: 0x4000000000121585308a2
  Valid from Wed Mar 18 15:30:00 IST 2009 until Sun Mar 18 15:30:00 IST 2029

adding as trusted cert:
  Subject: CN=Baltimore CyberTrust Root, OU=CyberTrust, O=Baltimore, C=IE
  Issuer:  CN=Baltimore CyberTrust Root, OU=CyberTrust, O=Baltimore, C=IE
  Algorithm: RSA; Serial number: 0x20000b9
  Valid from Sat May 13 00:16:00 IST 2000 until Tue May 13 05:29:00 IST 2025

adding as trusted cert:
  Subject: OU=Starfield Class 2 Certification Authority, O="Starfield Technologies, Inc.", C=US
  Issuer:  OU=Starfield Class 2 Certification Authority, O="Starfield Technologies, Inc.", C=US
  Algorithm: RSA; Serial number: 0x0
  Valid from Tue Jun 29 23:09:16 IST 2004 until Thu Jun 29 23:09:16 IST 2034

adding as trusted cert:
  Subject: CN=Thawte Timestamping CA, OU=Thawte Certification, O=Thawte, L=Durbanville, ST=Western Cape, C=ZA
  Issuer:  CN=Thawte Timestamping CA, OU=Thawte Certification, O=Thawte, L=Durbanville, ST=Western Cape, C=ZA
  Algorithm: RSA; Serial number: 0x67c8e1e8e3be1cbdfc913b8ea6238749
  Valid from Wed Jan 01 05:30:00 IST 1997 until Sat Jan 02 05:29:59 IST 2021

adding as trusted cert:
  Subject: CN=AAA Certificate Services, O=Comodo CA Limited, L=Salford, ST=Greater Manchester, C=GB
  Issuer:  CN=AAA Certificate Services, O=Comodo CA Limited, L=Salford, ST=Greater Manchester, C=GB
  Algorithm: RSA; Serial number: 0x1
  Valid from Thu Jan 01 05:30:00 IST 2004 until Mon Jan 01 05:29:59 IST 2029

adding as trusted cert:
  Subject: CN=UTN-USERFirst-Hardware, OU=http://www.usertrust.com, O=The USERTRUST Network, L=Salt Lake City, ST=UT, C=US
  Issuer:  CN=UTN-USERFirst-Hardware, OU=http://www.usertrust.com, O=The USERTRUST Network, L=Salt Lake City, ST=UT, C=US
  Algorithm: RSA; Serial number: 0x44be0c8b500024b411d3362afe650afd
  Valid from Fri Jul 09 23:40:42 IST 1999 until Tue Jul 09 23:49:22 IST 2019

adding as trusted cert:
  Subject: CN=Chambers of Commerce Root, OU=http://www.chambersign.org, O=AC Camerfirma SA CIF A82743287, C=EU
  Issuer:  CN=Chambers of Commerce Root, OU=http://www.chambersign.org, O=AC Camerfirma SA CIF A82743287, C=EU
  Algorithm: RSA; Serial number: 0x0
  Valid from Tue Sep 30 21:43:43 IST 2003 until Wed Sep 30 21:43:44 IST 2037

adding as trusted cert:
  Subject: CN=VeriSign Class 3 Public Primary Certification Authority - G3, OU="(c) 1999 VeriSign, Inc. - For authorized use only", OU=VeriSign Trust Network, O="VeriSign, Inc.", C=US
  Issuer:  CN=VeriSign Class 3 Public Primary Certification Authority - G3, OU="(c) 1999 VeriSign, Inc. - For authorized use only", OU=VeriSign Trust Network, O="VeriSign, Inc.", C=US
  Algorithm: RSA; Serial number: 0x9b7e0649a33e62b9d5ee90487129ef57
  Valid from Fri Oct 01 05:30:00 IST 1999 until Thu Jul 17 05:29:59 IST 2036

adding as trusted cert:
  Subject: CN=GlobalSign Root CA, OU=Root CA, O=GlobalSign nv-sa, C=BE
  Issuer:  CN=GlobalSign Root CA, OU=Root CA, O=GlobalSign nv-sa, C=BE
  Algorithm: RSA; Serial number: 0x40000000001154b5ac394
  Valid from Tue Sep 01 17:30:00 IST 1998 until Fri Jan 28 17:30:00 IST 2028

adding as trusted cert:
  Subject: CN=UTN-USERFirst-Object, OU=http://www.usertrust.com, O=The USERTRUST Network, L=Salt Lake City, ST=UT, C=US
  Issuer:  CN=UTN-USERFirst-Object, OU=http://www.usertrust.com, O=The USERTRUST Network, L=Salt Lake City, ST=UT, C=US
  Algorithm: RSA; Serial number: 0x44be0c8b500024b411d3362de0b35f1b
  Valid from Sat Jul 10 00:01:20 IST 1999 until Wed Jul 10 00:10:36 IST 2019

adding as trusted cert:
  Subject: CN=AffirmTrust Networking, O=AffirmTrust, C=US
  Issuer:  CN=AffirmTrust Networking, O=AffirmTrust, C=US
  Algorithm: RSA; Serial number: 0x7c4f04391cd4992d
  Valid from Fri Jan 29 19:38:24 IST 2010 until Tue Dec 31 19:38:24 IST 2030

adding as trusted cert:
  Subject: CN=AffirmTrust Premium, O=AffirmTrust, C=US
  Issuer:  CN=AffirmTrust Premium, O=AffirmTrust, C=US
  Algorithm: RSA; Serial number: 0x6d8c1446b1a60aee
  Valid from Fri Jan 29 19:40:36 IST 2010 until Mon Dec 31 19:40:36 IST 2040

adding as trusted cert:
  Subject: CN=Baltimore CyberTrust Code Signing Root, OU=CyberTrust, O=Baltimore, C=IE
  Issuer:  CN=Baltimore CyberTrust Code Signing Root, OU=CyberTrust, O=Baltimore, C=IE
  Algorithm: RSA; Serial number: 0x20000bf
  Valid from Wed May 17 19:31:00 IST 2000 until Sun May 18 05:29:00 IST 2025

adding as trusted cert:
  Subject: CN=America Online Root Certification Authority 2, O=America Online Inc., C=US
  Issuer:  CN=America Online Root Certification Authority 2, O=America Online Inc., C=US
  Algorithm: RSA; Serial number: 0x1
  Valid from Tue May 28 11:30:00 IST 2002 until Tue Sep 29 19:38:00 IST 2037

adding as trusted cert:
  Subject: CN=LuxTrust Global Root, O=LuxTrust s.a., C=LU
  Issuer:  CN=LuxTrust Global Root, O=LuxTrust s.a., C=LU
  Algorithm: RSA; Serial number: 0xbb8
  Valid from Thu Mar 17 15:21:37 IST 2011 until Wed Mar 17 15:21:37 IST 2021

adding as trusted cert:
  Subject: CN=GeoTrust Primary Certification Authority - G3, OU=(c) 2008 GeoTrust Inc. - For authorized use only, O=GeoTrust Inc., C=US
  Issuer:  CN=GeoTrust Primary Certification Authority - G3, OU=(c) 2008 GeoTrust Inc. - For authorized use only, O=GeoTrust Inc., C=US
  Algorithm: RSA; Serial number: 0x15ac6e9419b2794b41f627a9c3180f1f
  Valid from Wed Apr 02 05:30:00 IST 2008 until Wed Dec 02 05:29:59 IST 2037

adding as trusted cert:
  Subject: CN=Chambers of Commerce Root - 2008, O=AC Camerfirma S.A., SERIALNUMBER=A82743287, L=Madrid (see current address at www.camerfirma.com/address), C=EU
  Issuer:  CN=Chambers of Commerce Root - 2008, O=AC Camerfirma S.A., SERIALNUMBER=A82743287, L=Madrid (see current address at www.camerfirma.com/address), C=EU
  Algorithm: RSA; Serial number: 0xa3da427ea4b1aeda
  Valid from Fri Aug 01 17:59:50 IST 2008 until Sat Jul 31 17:59:50 IST 2038

adding as trusted cert:
  Subject: CN=SwissSign Silver CA - G2, O=SwissSign AG, C=CH
  Issuer:  CN=SwissSign Silver CA - G2, O=SwissSign AG, C=CH
  Algorithm: RSA; Serial number: 0x4f1bd42f54bb2f4b
  Valid from Wed Oct 25 14:02:46 IST 2006 until Sat Oct 25 14:02:46 IST 2036

adding as trusted cert:
  Subject: CN=Entrust Root Certification Authority - G2, OU="(c) 2009 Entrust, Inc. - for authorized use only", OU=See www.entrust.net/legal-terms, O="Entrust, Inc.", C=US
  Issuer:  CN=Entrust Root Certification Authority - G2, OU="(c) 2009 Entrust, Inc. - for authorized use only", OU=See www.entrust.net/legal-terms, O="Entrust, Inc.", C=US
  Algorithm: RSA; Serial number: 0x4a538c28
  Valid from Tue Jul 07 22:55:54 IST 2009 until Sat Dec 07 23:25:54 IST 2030

adding as trusted cert:
  Subject: CN=DigiCert Assured ID Root CA, OU=www.digicert.com, O=DigiCert Inc, C=US
  Issuer:  CN=DigiCert Assured ID Root CA, OU=www.digicert.com, O=DigiCert Inc, C=US
  Algorithm: RSA; Serial number: 0xce7e0e517d846fe8fe560fc1bf03039
  Valid from Fri Nov 10 05:30:00 IST 2006 until Mon Nov 10 05:30:00 IST 2031

adding as trusted cert:
  Subject: OU=Go Daddy Class 2 Certification Authority, O="The Go Daddy Group, Inc.", C=US
  Issuer:  OU=Go Daddy Class 2 Certification Authority, O="The Go Daddy Group, Inc.", C=US
  Algorithm: RSA; Serial number: 0x0
  Valid from Tue Jun 29 22:36:20 IST 2004 until Thu Jun 29 22:36:20 IST 2034

adding as trusted cert:
  Subject: CN=AddTrust External CA Root, OU=AddTrust External TTP Network, O=AddTrust AB, C=SE
  Issuer:  CN=AddTrust External CA Root, OU=AddTrust External TTP Network, O=AddTrust AB, C=SE
  Algorithm: RSA; Serial number: 0x1
  Valid from Tue May 30 16:18:38 IST 2000 until Sat May 30 16:18:38 IST 2020

adding as trusted cert:
  Subject: CN=T-TeleSec GlobalRoot Class 3, OU=T-Systems Trust Center, O=T-Systems Enterprise Services GmbH, C=DE
  Issuer:  CN=T-TeleSec GlobalRoot Class 3, OU=T-Systems Trust Center, O=T-Systems Enterprise Services GmbH, C=DE
  Algorithm: RSA; Serial number: 0x1
  Valid from Wed Oct 01 15:59:56 IST 2008 until Sun Oct 02 05:29:59 IST 2033

adding as trusted cert:
  Subject: CN=DigiCert Global Root G3, OU=www.digicert.com, O=DigiCert Inc, C=US
  Issuer:  CN=DigiCert Global Root G3, OU=www.digicert.com, O=DigiCert Inc, C=US
  Algorithm: EC; Serial number: 0x55556bcf25ea43535c3a40fd5ab4572
  Valid from Thu Aug 01 17:30:00 IST 2013 until Fri Jan 15 17:30:00 IST 2038

adding as trusted cert:
  Subject: CN=UTN-USERFirst-Client Authentication and Email, OU=http://www.usertrust.com, O=The USERTRUST Network, L=Salt Lake City, ST=UT, C=US
  Issuer:  CN=UTN-USERFirst-Client Authentication and Email, OU=http://www.usertrust.com, O=The USERTRUST Network, L=Salt Lake City, ST=UT, C=US
  Algorithm: RSA; Serial number: 0x44be0c8b500024b411d336252567c989
  Valid from Fri Jul 09 22:58:50 IST 1999 until Tue Jul 09 23:06:58 IST 2019

adding as trusted cert:
  Subject: CN=Class 2 Primary CA, O=Certplus, C=FR
  Issuer:  CN=Class 2 Primary CA, O=Certplus, C=FR
  Algorithm: RSA; Serial number: 0x85bd4bf3d8dae369f694d75fc3a54423
  Valid from Wed Jul 07 22:35:00 IST 1999 until Sun Jul 07 05:29:59 IST 2019

adding as trusted cert:
  Subject: CN=GeoTrust Global CA, O=GeoTrust Inc., C=US
  Issuer:  CN=GeoTrust Global CA, O=GeoTrust Inc., C=US
  Algorithm: RSA; Serial number: 0x23456
  Valid from Tue May 21 09:30:00 IST 2002 until Sat May 21 09:30:00 IST 2022

adding as trusted cert:
  Subject: CN=SwissSign Platinum CA - G2, O=SwissSign AG, C=CH
  Issuer:  CN=SwissSign Platinum CA - G2, O=SwissSign AG, C=CH
  Algorithm: RSA; Serial number: 0x4eb200670c035d4f
  Valid from Wed Oct 25 14:06:00 IST 2006 until Sat Oct 25 14:06:00 IST 2036

adding as trusted cert:
  Subject: CN=GlobalSign, O=GlobalSign, OU=GlobalSign ECC Root CA - R5
  Issuer:  CN=GlobalSign, O=GlobalSign, OU=GlobalSign ECC Root CA - R5
  Algorithm: EC; Serial number: 0x605949e0262ebb55f90a778a71f94ad86c
  Valid from Tue Nov 13 05:30:00 IST 2012 until Tue Jan 19 08:44:07 IST 2038

adding as trusted cert:
  Subject: CN=Starfield Root Certificate Authority - G2, O="Starfield Technologies, Inc.", L=Scottsdale, ST=Arizona, C=US
  Issuer:  CN=Starfield Root Certificate Authority - G2, O="Starfield Technologies, Inc.", L=Scottsdale, ST=Arizona, C=US
  Algorithm: RSA; Serial number: 0x0
  Valid from Tue Sep 01 05:30:00 IST 2009 until Fri Jan 01 05:29:59 IST 2038

adding as trusted cert:
  Subject: CN=VeriSign Class 2 Public Primary Certification Authority - G3, OU="(c) 1999 VeriSign, Inc. - For authorized use only", OU=VeriSign Trust Network, O="VeriSign, Inc.", C=US
  Issuer:  CN=VeriSign Class 2 Public Primary Certification Authority - G3, OU="(c) 1999 VeriSign, Inc. - For authorized use only", OU=VeriSign Trust Network, O="VeriSign, Inc.", C=US
  Algorithm: RSA; Serial number: 0x6170cb498c5f984529e7b0a6d9505b7a
  Valid from Fri Oct 01 05:30:00 IST 1999 until Thu Jul 17 05:29:59 IST 2036

adding as trusted cert:
  Subject: CN=Entrust.net Certification Authority (2048), OU=(c) 1999 Entrust.net Limited, OU=www.entrust.net/CPS_2048 incorp. by ref. (limits liab.), O=Entrust.net
  Issuer:  CN=Entrust.net Certification Authority (2048), OU=(c) 1999 Entrust.net Limited, OU=www.entrust.net/CPS_2048 incorp. by ref. (limits liab.), O=Entrust.net
  Algorithm: RSA; Serial number: 0x3863def8
  Valid from Fri Dec 24 23:20:51 IST 1999 until Tue Jul 24 19:45:12 IST 2029

adding as trusted cert:
  Subject: CN=thawte Primary Root CA, OU="(c) 2006 thawte, Inc. - For authorized use only", OU=Certification Services Division, O="thawte, Inc.", C=US
  Issuer:  CN=thawte Primary Root CA, OU="(c) 2006 thawte, Inc. - For authorized use only", OU=Certification Services Division, O="thawte, Inc.", C=US
  Algorithm: RSA; Serial number: 0x344ed55720d5edec49f42fce37db2b6d
  Valid from Fri Nov 17 05:30:00 IST 2006 until Thu Jul 17 05:29:59 IST 2036

adding as trusted cert:
  Subject: CN=Go Daddy Root Certificate Authority - G2, O="GoDaddy.com, Inc.", L=Scottsdale, ST=Arizona, C=US
  Issuer:  CN=Go Daddy Root Certificate Authority - G2, O="GoDaddy.com, Inc.", L=Scottsdale, ST=Arizona, C=US
  Algorithm: RSA; Serial number: 0x0
  Valid from Tue Sep 01 05:30:00 IST 2009 until Fri Jan 01 05:29:59 IST 2038

adding as trusted cert:
  Subject: CN=VeriSign Class 1 Public Primary Certification Authority - G3, OU="(c) 1999 VeriSign, Inc. - For authorized use only", OU=VeriSign Trust Network, O="VeriSign, Inc.", C=US
  Issuer:  CN=VeriSign Class 1 Public Primary Certification Authority - G3, OU="(c) 1999 VeriSign, Inc. - For authorized use only", OU=VeriSign Trust Network, O="VeriSign, Inc.", C=US
  Algorithm: RSA; Serial number: 0x8b5b75568454850b00cfaf3848ceb1a4
  Valid from Fri Oct 01 05:30:00 IST 1999 until Thu Jul 17 05:29:59 IST 2036

adding as trusted cert:
  Subject: CN=VeriSign Class 3 Public Primary Certification Authority - G4, OU="(c) 2007 VeriSign, Inc. - For authorized use only", OU=VeriSign Trust Network, O="VeriSign, Inc.", C=US
  Issuer:  CN=VeriSign Class 3 Public Primary Certification Authority - G4, OU="(c) 2007 VeriSign, Inc. - For authorized use only", OU=VeriSign Trust Network, O="VeriSign, Inc.", C=US
  Algorithm: EC; Serial number: 0x2f80fe238c0e220f486712289187acb3
  Valid from Mon Nov 05 05:30:00 IST 2007 until Tue Jan 19 05:29:59 IST 2038

adding as trusted cert:
  Subject: CN=Entrust Root Certification Authority, OU="(c) 2006 Entrust, Inc.", OU=www.entrust.net/CPS is incorporated by reference, O="Entrust, Inc.", C=US
  Issuer:  CN=Entrust Root Certification Authority, OU="(c) 2006 Entrust, Inc.", OU=www.entrust.net/CPS is incorporated by reference, O="Entrust, Inc.", C=US
  Algorithm: RSA; Serial number: 0x456b5054
  Valid from Tue Nov 28 01:53:42 IST 2006 until Sat Nov 28 02:23:42 IST 2026

adding as trusted cert:
  Subject: CN=DigiCert Assured ID Root G2, OU=www.digicert.com, O=DigiCert Inc, C=US
  Issuer:  CN=DigiCert Assured ID Root G2, OU=www.digicert.com, O=DigiCert Inc, C=US
  Algorithm: RSA; Serial number: 0xb931c3ad63967ea6723bfc3af9af44b
  Valid from Thu Aug 01 17:30:00 IST 2013 until Fri Jan 15 17:30:00 IST 2038

adding as trusted cert:
  Subject: CN=Certum CA, O=Unizeto Sp. z o.o., C=PL
  Issuer:  CN=Certum CA, O=Unizeto Sp. z o.o., C=PL
  Algorithm: RSA; Serial number: 0x10020
  Valid from Tue Jun 11 16:16:39 IST 2002 until Fri Jun 11 16:16:39 IST 2027

adding as trusted cert:
  Subject: CN=AddTrust Qualified CA Root, OU=AddTrust TTP Network, O=AddTrust AB, C=SE
  Issuer:  CN=AddTrust Qualified CA Root, OU=AddTrust TTP Network, O=AddTrust AB, C=SE
  Algorithm: RSA; Serial number: 0x1
  Valid from Tue May 30 16:14:50 IST 2000 until Sat May 30 16:14:50 IST 2020

adding as trusted cert:
  Subject: CN=Buypass Class 2 Root CA, O=Buypass AS-983163327, C=NO
  Issuer:  CN=Buypass Class 2 Root CA, O=Buypass AS-983163327, C=NO
  Algorithm: RSA; Serial number: 0x2
  Valid from Tue Oct 26 14:08:03 IST 2010 until Fri Oct 26 14:08:03 IST 2040

adding as trusted cert:
  Subject: CN=DigiCert Assured ID Root G3, OU=www.digicert.com, O=DigiCert Inc, C=US
  Issuer:  CN=DigiCert Assured ID Root G3, OU=www.digicert.com, O=DigiCert Inc, C=US
  Algorithm: EC; Serial number: 0xba15afa1ddfa0b54944afcd24a06cec
  Valid from Thu Aug 01 17:30:00 IST 2013 until Fri Jan 15 17:30:00 IST 2038

adding as trusted cert:
  Subject: CN=SwissSign Gold CA - G2, O=SwissSign AG, C=CH
  Issuer:  CN=SwissSign Gold CA - G2, O=SwissSign AG, C=CH
  Algorithm: RSA; Serial number: 0xbb401c43f55e4fb0
  Valid from Wed Oct 25 14:00:35 IST 2006 until Sat Oct 25 14:00:35 IST 2036

adding as trusted cert:
  Subject: CN=USERTrust ECC Certification Authority, O=The USERTRUST Network, L=Jersey City, ST=New Jersey, C=US
  Issuer:  CN=USERTrust ECC Certification Authority, O=The USERTRUST Network, L=Jersey City, ST=New Jersey, C=US
  Algorithm: EC; Serial number: 0x5c8b99c55a94c5d27156decd8980cc26
  Valid from Mon Feb 01 05:30:00 IST 2010 until Tue Jan 19 05:29:59 IST 2038

adding as trusted cert:
  Subject: CN=UTN - DATACorp SGC, OU=http://www.usertrust.com, O=The USERTRUST Network, L=Salt Lake City, ST=UT, C=US
  Issuer:  CN=UTN - DATACorp SGC, OU=http://www.usertrust.com, O=The USERTRUST Network, L=Salt Lake City, ST=UT, C=US
  Algorithm: RSA; Serial number: 0x44be0c8b500021b411d32a6806a9ad69
  Valid from Fri Jun 25 00:27:21 IST 1999 until Tue Jun 25 00:36:30 IST 2019

adding as trusted cert:
  Subject: CN=QuoVadis Root CA 2, O=QuoVadis Limited, C=BM
  Issuer:  CN=QuoVadis Root CA 2, O=QuoVadis Limited, C=BM
  Algorithm: RSA; Serial number: 0x509
  Valid from Fri Nov 24 23:57:00 IST 2006 until Mon Nov 24 23:53:33 IST 2031

adding as trusted cert:
  Subject: CN=Deutsche Telekom Root CA 2, OU=T-TeleSec Trust Center, O=Deutsche Telekom AG, C=DE
  Issuer:  CN=Deutsche Telekom Root CA 2, OU=T-TeleSec Trust Center, O=Deutsche Telekom AG, C=DE
  Algorithm: RSA; Serial number: 0x26
  Valid from Fri Jul 09 17:41:00 IST 1999 until Wed Jul 10 05:29:00 IST 2019

adding as trusted cert:
  Subject: CN=QuoVadis Root CA 1 G3, O=QuoVadis Limited, C=BM
  Issuer:  CN=QuoVadis Root CA 1 G3, O=QuoVadis Limited, C=BM
  Algorithm: RSA; Serial number: 0x78585f2ead2c194be3370735341328b596d46593
  Valid from Thu Jan 12 22:57:44 IST 2012 until Sun Jan 12 22:57:44 IST 2042

adding as trusted cert:
  Subject: OU=Class 1 Public Primary Certification Authority, O="VeriSign, Inc.", C=US
  Issuer:  OU=Class 1 Public Primary Certification Authority, O="VeriSign, Inc.", C=US
  Algorithm: RSA; Serial number: 0x3f691e819cf09a4af373ffb948a2e4dd
  Valid from Mon Jan 29 05:30:00 IST 1996 until Thu Aug 03 05:29:59 IST 2028

adding as trusted cert:
  Subject: CN=USERTrust RSA Certification Authority, O=The USERTRUST Network, L=Jersey City, ST=New Jersey, C=US
  Issuer:  CN=USERTrust RSA Certification Authority, O=The USERTRUST Network, L=Jersey City, ST=New Jersey, C=US
  Algorithm: RSA; Serial number: 0x1fd6d30fca3ca51a81bbc640e35032d
  Valid from Mon Feb 01 05:30:00 IST 2010 until Tue Jan 19 05:29:59 IST 2038

adding as trusted cert:
  Subject: OU=VeriSign Trust Network, OU="(c) 1998 VeriSign, Inc. - For authorized use only", OU=Class 2 Public Primary Certification Authority - G2, O="VeriSign, Inc.", C=US
  Issuer:  OU=VeriSign Trust Network, OU="(c) 1998 VeriSign, Inc. - For authorized use only", OU=Class 2 Public Primary Certification Authority - G2, O="VeriSign, Inc.", C=US
  Algorithm: RSA; Serial number: 0xb92f60cc889fa17a4609b85b706c8aaf
  Valid from Mon May 18 05:30:00 IST 1998 until Wed Aug 02 05:29:59 IST 2028

adding as trusted cert:
  Subject: CN=VeriSign Class 3 Public Primary Certification Authority - G5, OU="(c) 2006 VeriSign, Inc. - For authorized use only", OU=VeriSign Trust Network, O="VeriSign, Inc.", C=US
  Issuer:  CN=VeriSign Class 3 Public Primary Certification Authority - G5, OU="(c) 2006 VeriSign, Inc. - For authorized use only", OU=VeriSign Trust Network, O="VeriSign, Inc.", C=US
  Algorithm: RSA; Serial number: 0x18dad19e267de8bb4a2158cdcc6b3b4a
  Valid from Wed Nov 08 05:30:00 IST 2006 until Thu Jul 17 05:29:59 IST 2036

adding as trusted cert:
  Subject: CN=GlobalSign, O=GlobalSign, OU=GlobalSign Root CA - R2
  Issuer:  CN=GlobalSign, O=GlobalSign, OU=GlobalSign Root CA - R2
  Algorithm: RSA; Serial number: 0x400000000010f8626e60d
  Valid from Fri Dec 15 13:30:00 IST 2006 until Wed Dec 15 13:30:00 IST 2021

adding as trusted cert:
  Subject: CN=QuoVadis Root CA 3, O=QuoVadis Limited, C=BM
  Issuer:  CN=QuoVadis Root CA 3, O=QuoVadis Limited, C=BM
  Algorithm: RSA; Serial number: 0x5c6
  Valid from Sat Nov 25 00:41:23 IST 2006 until Tue Nov 25 00:36:44 IST 2031

adding as trusted cert:
  Subject: CN=Starfield Services Root Certificate Authority - G2, O="Starfield Technologies, Inc.", L=Scottsdale, ST=Arizona, C=US
  Issuer:  CN=Starfield Services Root Certificate Authority - G2, O="Starfield Technologies, Inc.", L=Scottsdale, ST=Arizona, C=US
  Algorithm: RSA; Serial number: 0x0
  Valid from Tue Sep 01 05:30:00 IST 2009 until Fri Jan 01 05:29:59 IST 2038

adding as trusted cert:
  Subject: CN=Swisscom Root CA 2, OU=Digital Certificate Services, O=Swisscom, C=ch
  Issuer:  CN=Swisscom Root CA 2, OU=Digital Certificate Services, O=Swisscom, C=ch
  Algorithm: RSA; Serial number: 0x1e9e28e848f2e5efc37c4a1e5a1867b6
  Valid from Fri Jun 24 14:08:14 IST 2011 until Wed Jun 25 13:08:14 IST 2031

adding as trusted cert:
  Subject: CN=QuoVadis Root CA 3 G3, O=QuoVadis Limited, C=BM
  Issuer:  CN=QuoVadis Root CA 3 G3, O=QuoVadis Limited, C=BM
  Algorithm: RSA; Serial number: 0x2ef59b0228a7db7affd5a3a9eebd03a0cf126a1d
  Valid from Fri Jan 13 01:56:32 IST 2012 until Mon Jan 13 01:56:32 IST 2042

adding as trusted cert:
  Subject: CN=Actalis Authentication Root CA, O=Actalis S.p.A./03358520967, L=Milan, C=IT
  Issuer:  CN=Actalis Authentication Root CA, O=Actalis S.p.A./03358520967, L=Milan, C=IT
  Algorithm: RSA; Serial number: 0x570a119742c4e3cc
  Valid from Thu Sep 22 16:52:02 IST 2011 until Sun Sep 22 16:52:02 IST 2030

adding as trusted cert:
  Subject: OU=Class 3 Public Primary Certification Authority, O="VeriSign, Inc.", C=US
  Issuer:  OU=Class 3 Public Primary Certification Authority, O="VeriSign, Inc.", C=US
  Algorithm: RSA; Serial number: 0x3c9131cb1ff6d01b0e9ab8d044bf12be
  Valid from Mon Jan 29 05:30:00 IST 1996 until Thu Aug 03 05:29:59 IST 2028

adding as trusted cert:
  Subject: CN=QuoVadis Root Certification Authority, OU=Root Certification Authority, O=QuoVadis Limited, C=BM
  Issuer:  CN=QuoVadis Root Certification Authority, OU=Root Certification Authority, O=QuoVadis Limited, C=BM
  Algorithm: RSA; Serial number: 0x3ab6508b
  Valid from Tue Mar 20 00:03:33 IST 2001 until Thu Mar 18 00:03:33 IST 2021

adding as trusted cert:
  Subject: CN=Class 3P Primary CA, O=Certplus, C=FR
  Issuer:  CN=Class 3P Primary CA, O=Certplus, C=FR
  Algorithm: RSA; Serial number: 0xbf5cdbb6f21c6ec04deb7a023b36e879
  Valid from Wed Jul 07 22:40:00 IST 1999 until Sun Jul 07 05:29:59 IST 2019

adding as trusted cert:
  Subject: CN=Equifax Secure eBusiness CA-1, O=Equifax Secure Inc., C=US
  Issuer:  CN=Equifax Secure eBusiness CA-1, O=Equifax Secure Inc., C=US
  Algorithm: RSA; Serial number: 0x59e3
  Valid from Mon Jun 21 09:30:00 IST 1999 until Mon Jun 22 09:30:00 IST 2020

adding as trusted cert:
  Subject: CN=Buypass Class 3 Root CA, O=Buypass AS-983163327, C=NO
  Issuer:  CN=Buypass Class 3 Root CA, O=Buypass AS-983163327, C=NO
  Algorithm: RSA; Serial number: 0x2
  Valid from Tue Oct 26 13:58:58 IST 2010 until Fri Oct 26 13:58:58 IST 2040

adding as trusted cert:
  Subject: OU=Security Communication EV RootCA1, O="SECOM Trust Systems CO.,LTD.", C=JP
  Issuer:  OU=Security Communication EV RootCA1, O="SECOM Trust Systems CO.,LTD.", C=JP
  Algorithm: RSA; Serial number: 0x0
  Valid from Wed Jun 06 07:42:32 IST 2007 until Sat Jun 06 07:42:32 IST 2037

adding as trusted cert:
  Subject: CN=thawte Primary Root CA - G2, OU="(c) 2007 thawte, Inc. - For authorized use only", O="thawte, Inc.", C=US
  Issuer:  CN=thawte Primary Root CA - G2, OU="(c) 2007 thawte, Inc. - For authorized use only", O="thawte, Inc.", C=US
  Algorithm: EC; Serial number: 0x35fc265cd9844fc93d263d579baed756
  Valid from Mon Nov 05 05:30:00 IST 2007 until Tue Jan 19 05:29:59 IST 2038

adding as trusted cert:
  Subject: CN=Swisscom Root EV CA 2, OU=Digital Certificate Services, O=Swisscom, C=ch
  Issuer:  CN=Swisscom Root EV CA 2, OU=Digital Certificate Services, O=Swisscom, C=ch
  Algorithm: RSA; Serial number: 0xf2fa64e27463d38dfd101d041f76ca58
  Valid from Fri Jun 24 15:15:08 IST 2011 until Wed Jun 25 14:15:08 IST 2031

adding as trusted cert:
  Subject: CN=VeriSign Universal Root Certification Authority, OU="(c) 2008 VeriSign, Inc. - For authorized use only", OU=VeriSign Trust Network, O="VeriSign, Inc.", C=US
  Issuer:  CN=VeriSign Universal Root Certification Authority, OU="(c) 2008 VeriSign, Inc. - For authorized use only", OU=VeriSign Trust Network, O="VeriSign, Inc.", C=US
  Algorithm: RSA; Serial number: 0x401ac46421b31321030ebbe4121ac51d
  Valid from Wed Apr 02 05:30:00 IST 2008 until Wed Dec 02 05:29:59 IST 2037

adding as trusted cert:
  Subject: CN=AddTrust Class 1 CA Root, OU=AddTrust TTP Network, O=AddTrust AB, C=SE
  Issuer:  CN=AddTrust Class 1 CA Root, OU=AddTrust TTP Network, O=AddTrust AB, C=SE
  Algorithm: RSA; Serial number: 0x1
  Valid from Tue May 30 16:08:31 IST 2000 until Sat May 30 16:08:31 IST 2020

adding as trusted cert:
  Subject: CN=GlobalSign, O=GlobalSign, OU=GlobalSign ECC Root CA - R4
  Issuer:  CN=GlobalSign, O=GlobalSign, OU=GlobalSign ECC Root CA - R4
  Algorithm: EC; Serial number: 0x2a38a41c960a04de42b228a50be8349802
  Valid from Tue Nov 13 05:30:00 IST 2012 until Tue Jan 19 08:44:07 IST 2038

adding as trusted cert:
  Subject: CN=Global Chambersign Root - 2008, O=AC Camerfirma S.A., SERIALNUMBER=A82743287, L=Madrid (see current address at www.camerfirma.com/address), C=EU
  Issuer:  CN=Global Chambersign Root - 2008, O=AC Camerfirma S.A., SERIALNUMBER=A82743287, L=Madrid (see current address at www.camerfirma.com/address), C=EU
  Algorithm: RSA; Serial number: 0xc9cdd3e9d57d23ce
  Valid from Fri Aug 01 18:01:40 IST 2008 until Sat Jul 31 18:01:40 IST 2038

adding as trusted cert:
  Subject: CN=COMODO RSA Certification Authority, O=COMODO CA Limited, L=Salford, ST=Greater Manchester, C=GB
  Issuer:  CN=COMODO RSA Certification Authority, O=COMODO CA Limited, L=Salford, ST=Greater Manchester, C=GB
  Algorithm: RSA; Serial number: 0x4caaf9cadb636fe01ff74ed85b03869d
  Valid from Tue Jan 19 05:30:00 IST 2010 until Tue Jan 19 05:29:59 IST 2038

adding as trusted cert:
  Subject: CN=thawte Primary Root CA - G3, OU="(c) 2008 thawte, Inc. - For authorized use only", OU=Certification Services Division, O="thawte, Inc.", C=US
  Issuer:  CN=thawte Primary Root CA - G3, OU="(c) 2008 thawte, Inc. - For authorized use only", OU=Certification Services Division, O="thawte, Inc.", C=US
  Algorithm: RSA; Serial number: 0x600197b746a7eab4b49ad64b2ff790fb
  Valid from Wed Apr 02 05:30:00 IST 2008 until Wed Dec 02 05:29:59 IST 2037

adding as trusted cert:
  Subject: EMAILADDRESS=premium-server@thawte.com, CN=Thawte Premium Server CA, OU=Certification Services Division, O=Thawte Consulting cc, L=Cape Town, ST=Western Cape, C=ZA
  Issuer:  EMAILADDRESS=premium-server@thawte.com, CN=Thawte Premium Server CA, OU=Certification Services Division, O=Thawte Consulting cc, L=Cape Town, ST=Western Cape, C=ZA
  Algorithm: RSA; Serial number: 0x36122296c5e338a520a1d25f4cd70954
  Valid from Thu Aug 01 05:30:00 IST 1996 until Sat Jan 02 05:29:59 IST 2021

adding as trusted cert:
  Subject: CN=GTE CyberTrust Global Root, OU="GTE CyberTrust Solutions, Inc.", O=GTE Corporation, C=US
  Issuer:  CN=GTE CyberTrust Global Root, OU="GTE CyberTrust Solutions, Inc.", O=GTE Corporation, C=US
  Algorithm: RSA; Serial number: 0x1a5
  Valid from Thu Aug 13 05:59:00 IST 1998 until Tue Aug 14 05:29:00 IST 2018

adding as trusted cert:
  Subject: CN=AffirmTrust Premium ECC, O=AffirmTrust, C=US
  Issuer:  CN=AffirmTrust Premium ECC, O=AffirmTrust, C=US
  Algorithm: EC; Serial number: 0x7497258ac73f7a54
  Valid from Fri Jan 29 19:50:24 IST 2010 until Mon Dec 31 19:50:24 IST 2040

adding as trusted cert:
  Subject: CN=T-TeleSec GlobalRoot Class 2, OU=T-Systems Trust Center, O=T-Systems Enterprise Services GmbH, C=DE
  Issuer:  CN=T-TeleSec GlobalRoot Class 2, OU=T-Systems Trust Center, O=T-Systems Enterprise Services GmbH, C=DE
  Algorithm: RSA; Serial number: 0x1
  Valid from Wed Oct 01 16:10:14 IST 2008 until Sun Oct 02 05:29:59 IST 2033

adding as trusted cert:
  Subject: CN=Sonera Class1 CA, O=Sonera, C=FI
  Issuer:  CN=Sonera Class1 CA, O=Sonera, C=FI
  Algorithm: RSA; Serial number: 0x24
  Valid from Fri Apr 06 16:19:13 IST 2001 until Tue Apr 06 16:19:13 IST 2021

adding as trusted cert:
  Subject: OU=VeriSign Trust Network, OU="(c) 1998 VeriSign, Inc. - For authorized use only", OU=Class 1 Public Primary Certification Authority - G2, O="VeriSign, Inc.", C=US
  Issuer:  OU=VeriSign Trust Network, OU="(c) 1998 VeriSign, Inc. - For authorized use only", OU=Class 1 Public Primary Certification Authority - G2, O="VeriSign, Inc.", C=US
  Algorithm: RSA; Serial number: 0x4cc7eaaa983e71d39310f83d3a899192
  Valid from Mon May 18 05:30:00 IST 1998 until Wed Aug 02 05:29:59 IST 2028

adding as trusted cert:
  Subject: CN=KEYNECTIS ROOT CA, OU=ROOT, O=KEYNECTIS, C=FR
  Issuer:  CN=KEYNECTIS ROOT CA, OU=ROOT, O=KEYNECTIS, C=FR
  Algorithm: RSA; Serial number: 0x1121bc276c5547af584eefd4ced629b2a285
  Valid from Tue May 26 05:30:00 IST 2009 until Tue May 26 05:30:00 IST 2020

adding as trusted cert:
  Subject: CN=DigiCert Global Root G2, OU=www.digicert.com, O=DigiCert Inc, C=US
  Issuer:  CN=DigiCert Global Root G2, OU=www.digicert.com, O=DigiCert Inc, C=US
  Algorithm: RSA; Serial number: 0x33af1e6a711a9a0bb2864b11d09fae5
  Valid from Thu Aug 01 17:30:00 IST 2013 until Fri Jan 15 17:30:00 IST 2038

trigger seeding of SecureRandom
done seeding SecureRandom
Ignoring unavailable cipher suite: TLS_DHE_DSS_WITH_AES_256_GCM_SHA384
Ignoring unavailable cipher suite: TLS_RSA_WITH_AES_256_CBC_SHA
Ignoring unavailable cipher suite: TLS_DHE_RSA_WITH_AES_256_GCM_SHA384
Ignoring unavailable cipher suite: TLS_ECDH_ECDSA_WITH_AES_256_CBC_SHA
Ignoring unavailable cipher suite: TLS_ECDHE_ECDSA_WITH_AES_256_GCM_SHA384
Ignoring unavailable cipher suite: TLS_RSA_WITH_AES_256_CBC_SHA256
Ignoring unavailable cipher suite: TLS_DHE_DSS_WITH_AES_256_CBC_SHA
Ignoring unavailable cipher suite: TLS_ECDH_ECDSA_WITH_AES_256_GCM_SHA384
Ignoring unavailable cipher suite: TLS_ECDH_RSA_WITH_AES_256_CBC_SHA384
Ignoring unavailable cipher suite: TLS_RSA_WITH_AES_256_GCM_SHA384
Ignoring unavailable cipher suite: TLS_ECDH_ECDSA_WITH_AES_256_CBC_SHA384
Ignoring unavailable cipher suite: TLS_ECDHE_RSA_WITH_AES_256_CBC_SHA384
Ignoring unavailable cipher suite: TLS_ECDH_RSA_WITH_AES_256_CBC_SHA
Ignoring unavailable cipher suite: TLS_ECDH_RSA_WITH_AES_256_GCM_SHA384
Ignoring unavailable cipher suite: TLS_ECDHE_ECDSA_WITH_AES_256_CBC_SHA384
Ignoring unavailable cipher suite: TLS_DHE_RSA_WITH_AES_256_CBC_SHA256
Ignoring unavailable cipher suite: TLS_ECDHE_ECDSA_WITH_AES_256_CBC_SHA
Ignoring unavailable cipher suite: TLS_DHE_DSS_WITH_AES_256_CBC_SHA256
Ignoring unavailable cipher suite: TLS_DHE_RSA_WITH_AES_256_CBC_SHA
Ignoring unavailable cipher suite: TLS_ECDHE_RSA_WITH_AES_256_CBC_SHA
Ignoring unavailable cipher suite: TLS_ECDHE_RSA_WITH_AES_256_GCM_SHA384
Allow unsafe renegotiation: false
Allow legacy hello messages: true
Is initial handshake: true
Is secure renegotiation: false
Ignoring unsupported cipher suite: TLS_ECDHE_ECDSA_WITH_AES_128_CBC_SHA256 for TLSv1
Ignoring unsupported cipher suite: TLS_ECDHE_RSA_WITH_AES_128_CBC_SHA256 for TLSv1
Ignoring unsupported cipher suite: TLS_RSA_WITH_AES_128_CBC_SHA256 for TLSv1
Ignoring unsupported cipher suite: TLS_ECDH_ECDSA_WITH_AES_128_CBC_SHA256 for TLSv1
Ignoring unsupported cipher suite: TLS_ECDH_RSA_WITH_AES_128_CBC_SHA256 for TLSv1
Ignoring unsupported cipher suite: TLS_DHE_RSA_WITH_AES_128_CBC_SHA256 for TLSv1
Ignoring unsupported cipher suite: TLS_DHE_DSS_WITH_AES_128_CBC_SHA256 for TLSv1
Ignoring unsupported cipher suite: TLS_ECDHE_ECDSA_WITH_AES_128_CBC_SHA256 for TLSv1.1
Ignoring unsupported cipher suite: TLS_ECDHE_RSA_WITH_AES_128_CBC_SHA256 for TLSv1.1
Ignoring unsupported cipher suite: TLS_RSA_WITH_AES_128_CBC_SHA256 for TLSv1.1
Ignoring unsupported cipher suite: TLS_ECDH_ECDSA_WITH_AES_128_CBC_SHA256 for TLSv1.1
Ignoring unsupported cipher suite: TLS_ECDH_RSA_WITH_AES_128_CBC_SHA256 for TLSv1.1
Ignoring unsupported cipher suite: TLS_DHE_RSA_WITH_AES_128_CBC_SHA256 for TLSv1.1
Ignoring unsupported cipher suite: TLS_DHE_DSS_WITH_AES_128_CBC_SHA256 for TLSv1.1
%% No cached client session
*** ClientHello, TLSv1.2
RandomCookie:  GMT: 1582652230 bytes = { 237, 220, 189, 143, 207, 212, 230, 92, 251, 102, 166, 59, 253, 183, 222, 173, 187, 123, 71, 66, 129, 77, 208, 31, 254, 112, 5, 124 }
Session ID:  {}
Cipher Suites: [TLS_ECDHE_ECDSA_WITH_AES_128_CBC_SHA256, TLS_ECDHE_RSA_WITH_AES_128_CBC_SHA256, TLS_RSA_WITH_AES_128_CBC_SHA256, TLS_ECDH_ECDSA_WITH_AES_128_CBC_SHA256, TLS_ECDH_RSA_WITH_AES_128_CBC_SHA256, TLS_DHE_RSA_WITH_AES_128_CBC_SHA256, TLS_DHE_DSS_WITH_AES_128_CBC_SHA256, TLS_ECDHE_ECDSA_WITH_AES_128_CBC_SHA, TLS_ECDHE_RSA_WITH_AES_128_CBC_SHA, TLS_RSA_WITH_AES_128_CBC_SHA, TLS_ECDH_ECDSA_WITH_AES_128_CBC_SHA, TLS_ECDH_RSA_WITH_AES_128_CBC_SHA, TLS_DHE_RSA_WITH_AES_128_CBC_SHA, TLS_DHE_DSS_WITH_AES_128_CBC_SHA, TLS_ECDHE_ECDSA_WITH_AES_128_GCM_SHA256, TLS_ECDHE_RSA_WITH_AES_128_GCM_SHA256, TLS_RSA_WITH_AES_128_GCM_SHA256, TLS_ECDH_ECDSA_WITH_AES_128_GCM_SHA256, TLS_ECDH_RSA_WITH_AES_128_GCM_SHA256, TLS_DHE_RSA_WITH_AES_128_GCM_SHA256, TLS_DHE_DSS_WITH_AES_128_GCM_SHA256, TLS_ECDHE_ECDSA_WITH_3DES_EDE_CBC_SHA, TLS_ECDHE_RSA_WITH_3DES_EDE_CBC_SHA, SSL_RSA_WITH_3DES_EDE_CBC_SHA, TLS_ECDH_ECDSA_WITH_3DES_EDE_CBC_SHA, TLS_ECDH_RSA_WITH_3DES_EDE_CBC_SHA, SSL_DHE_RSA_WITH_3DES_EDE_CBC_SHA, SSL_DHE_DSS_WITH_3DES_EDE_CBC_SHA, TLS_EMPTY_RENEGOTIATION_INFO_SCSV]
Compression Methods:  { 0 }
Extension elliptic_curves, curve names: {secp256r1, sect163k1, sect163r2, secp192r1, secp224r1, sect233k1, sect233r1, sect283k1, sect283r1, secp384r1, sect409k1, sect409r1, secp521r1, sect571k1, sect571r1, secp160k1, secp160r1, secp160r2, sect163r1, secp192k1, sect193r1, sect193r2, secp224k1, sect239k1, secp256k1}
Extension ec_point_formats, formats: [uncompressed]
Extension signature_algorithms, signature_algorithms: SHA512withECDSA, SHA512withRSA, SHA384withECDSA, SHA384withRSA, SHA256withECDSA, SHA256withRSA, SHA224withECDSA, SHA224withRSA, SHA1withECDSA, SHA1withRSA, SHA1withDSA
Extension server_name, server_name: [type=host_name (0), value=ci.eclipse.org]
***
[write] MD5 and SHA1 hashes:  len = 216
0000: 01 00 00 D4 03 03 5E 55   5B 46 ED DC BD 8F CF D4  ......^U[F......
0010: E6 5C FB 66 A6 3B FD B7   DE AD BB 7B 47 42 81 4D  .\.f.;......GB.M
0020: D0 1F FE 70 05 7C 00 00   3A C0 23 C0 27 00 3C C0  ...p....:.#.'.<.
0030: 25 C0 29 00 67 00 40 C0   09 C0 13 00 2F C0 04 C0  %.).g.@...../...
0040: 0E 00 33 00 32 C0 2B C0   2F 00 9C C0 2D C0 31 00  ..3.2.+./...-.1.
0050: 9E 00 A2 C0 08 C0 12 00   0A C0 03 C0 0D 00 16 00  ................
0060: 13 00 FF 01 00 00 71 00   0A 00 34 00 32 00 17 00  ......q...4.2...
0070: 01 00 03 00 13 00 15 00   06 00 07 00 09 00 0A 00  ................
0080: 18 00 0B 00 0C 00 19 00   0D 00 0E 00 0F 00 10 00  ................
0090: 11 00 02 00 12 00 04 00   05 00 14 00 08 00 16 00  ................
00A0: 0B 00 02 01 00 00 0D 00   18 00 16 06 03 06 01 05  ................
00B0: 03 05 01 04 03 04 01 03   03 03 01 02 03 02 01 02  ................
00C0: 02 00 00 00 13 00 11 00   00 0E 63 69 2E 65 63 6C  ..........ci.ecl
00D0: 69 70 73 65 2E 6F 72 67                            ipse.org
Worker-0: https://ci.eclipse.org/xtext/job/xtext-lib/job/master/lastStableBuild/artifact/build/p2-repository/p2.index, WRITE: TLSv1.2 Handshake, length = 216
[Raw write]: length = 221
0000: 16 03 03 00 D8 01 00 00   D4 03 03 5E 55 5B 46 ED  ...........^U[F.
0010: DC BD 8F CF D4 E6 5C FB   66 A6 3B FD B7 DE AD BB  ......\.f.;.....
0020: 7B 47 42 81 4D D0 1F FE   70 05 7C 00 00 3A C0 23  .GB.M...p....:.#
0030: C0 27 00 3C C0 25 C0 29   00 67 00 40 C0 09 C0 13  .'.<.%.).g.@....
0040: 00 2F C0 04 C0 0E 00 33   00 32 C0 2B C0 2F 00 9C  ./.....3.2.+./..
0050: C0 2D C0 31 00 9E 00 A2   C0 08 C0 12 00 0A C0 03  .-.1............
0060: C0 0D 00 16 00 13 00 FF   01 00 00 71 00 0A 00 34  ...........q...4
0070: 00 32 00 17 00 01 00 03   00 13 00 15 00 06 00 07  .2..............
0080: 00 09 00 0A 00 18 00 0B   00 0C 00 19 00 0D 00 0E  ................
0090: 00 0F 00 10 00 11 00 02   00 12 00 04 00 05 00 14  ................
00A0: 00 08 00 16 00 0B 00 02   01 00 00 0D 00 18 00 16  ................
00B0: 06 03 06 01 05 03 05 01   04 03 04 01 03 03 03 01  ................
00C0: 02 03 02 01 02 02 00 00   00 13 00 11 00 00 0E 63  ...............c
00D0: 69 2E 65 63 6C 69 70 73   65 2E 6F 72 67           i.eclipse.org
[Raw read]: length = 5
0000: 15 03 03 00 02                                     .....
[Raw read]: length = 2
0000: 02 28                                              .(
Worker-0: https://ci.eclipse.org/xtext/job/xtext-lib/job/master/lastStableBuild/artifact/build/p2-repository/p2.index, READ: TLSv1.2 Alert, length = 2
Worker-0: https://ci.eclipse.org/xtext/job/xtext-lib/job/master/lastStableBuild/artifact/build/p2-repository/p2.index, RECV TLSv1.2 ALERT:  fatal, handshake_failure
Worker-0: https://ci.eclipse.org/xtext/job/xtext-lib/job/master/lastStableBuild/artifact/build/p2-repository/p2.index, called closeSocket()
Worker-0: https://ci.eclipse.org/xtext/job/xtext-lib/job/master/lastStableBuild/artifact/build/p2-repository/p2.index, handling exception: javax.net.ssl.SSLHandshakeException: Received fatal alert: handshake_failure
Ignoring unavailable cipher suite: TLS_DHE_DSS_WITH_AES_256_GCM_SHA384
Ignoring unavailable cipher suite: TLS_RSA_WITH_AES_256_CBC_SHA
Ignoring unavailable cipher suite: TLS_DHE_RSA_WITH_AES_256_GCM_SHA384
Ignoring unavailable cipher suite: TLS_ECDH_ECDSA_WITH_AES_256_CBC_SHA
Ignoring unavailable cipher suite: TLS_ECDHE_ECDSA_WITH_AES_256_GCM_SHA384
Ignoring unavailable cipher suite: TLS_RSA_WITH_AES_256_CBC_SHA256
Ignoring unavailable cipher suite: TLS_DHE_DSS_WITH_AES_256_CBC_SHA
Ignoring unavailable cipher suite: TLS_ECDH_ECDSA_WITH_AES_256_GCM_SHA384
Ignoring unavailable cipher suite: TLS_ECDH_RSA_WITH_AES_256_CBC_SHA384
Ignoring unavailable cipher suite: TLS_RSA_WITH_AES_256_GCM_SHA384
Ignoring unavailable cipher suite: TLS_ECDH_ECDSA_WITH_AES_256_CBC_SHA384
Ignoring unavailable cipher suite: TLS_ECDHE_RSA_WITH_AES_256_CBC_SHA384
Ignoring unavailable cipher suite: TLS_ECDH_RSA_WITH_AES_256_CBC_SHA
Ignoring unavailable cipher suite: TLS_ECDH_RSA_WITH_AES_256_GCM_SHA384
Ignoring unavailable cipher suite: TLS_ECDHE_ECDSA_WITH_AES_256_CBC_SHA384
Ignoring unavailable cipher suite: TLS_DHE_RSA_WITH_AES_256_CBC_SHA256
Ignoring unavailable cipher suite: TLS_ECDHE_ECDSA_WITH_AES_256_CBC_SHA
Ignoring unavailable cipher suite: TLS_DHE_DSS_WITH_AES_256_CBC_SHA256
Ignoring unavailable cipher suite: TLS_DHE_RSA_WITH_AES_256_CBC_SHA
Ignoring unavailable cipher suite: TLS_ECDHE_RSA_WITH_AES_256_CBC_SHA
Ignoring unavailable cipher suite: TLS_ECDHE_RSA_WITH_AES_256_GCM_SHA384
Allow unsafe renegotiation: false
Allow legacy hello messages: true
Is initial handshake: true
Is secure renegotiation: false
Ignoring unsupported cipher suite: TLS_ECDHE_ECDSA_WITH_AES_128_CBC_SHA256 for TLSv1
Ignoring unsupported cipher suite: TLS_ECDHE_RSA_WITH_AES_128_CBC_SHA256 for TLSv1
Ignoring unsupported cipher suite: TLS_RSA_WITH_AES_128_CBC_SHA256 for TLSv1
Ignoring unsupported cipher suite: TLS_ECDH_ECDSA_WITH_AES_128_CBC_SHA256 for TLSv1
Ignoring unsupported cipher suite: TLS_ECDH_RSA_WITH_AES_128_CBC_SHA256 for TLSv1
Ignoring unsupported cipher suite: TLS_DHE_RSA_WITH_AES_128_CBC_SHA256 for TLSv1
Ignoring unsupported cipher suite: TLS_DHE_DSS_WITH_AES_128_CBC_SHA256 for TLSv1
Ignoring unsupported cipher suite: TLS_ECDHE_ECDSA_WITH_AES_128_CBC_SHA256 for TLSv1.1
Ignoring unsupported cipher suite: TLS_ECDHE_RSA_WITH_AES_128_CBC_SHA256 for TLSv1.1
Ignoring unsupported cipher suite: TLS_RSA_WITH_AES_128_CBC_SHA256 for TLSv1.1
Ignoring unsupported cipher suite: TLS_ECDH_ECDSA_WITH_AES_128_CBC_SHA256 for TLSv1.1
Ignoring unsupported cipher suite: TLS_ECDH_RSA_WITH_AES_128_CBC_SHA256 for TLSv1.1
Ignoring unsupported cipher suite: TLS_DHE_RSA_WITH_AES_128_CBC_SHA256 for TLSv1.1
Ignoring unsupported cipher suite: TLS_DHE_DSS_WITH_AES_128_CBC_SHA256 for TLSv1.1
%% No cached client session
*** ClientHello, TLSv1.2
RandomCookie:  GMT: 1582652231 bytes = { 101, 242, 63, 73, 154, 237, 67, 156, 19, 161, 102, 201, 84, 184, 48, 218, 92, 212, 148, 73, 11, 168, 248, 65, 31, 224, 45, 173 }
Session ID:  {}
Cipher Suites: [TLS_ECDHE_ECDSA_WITH_AES_128_CBC_SHA256, TLS_ECDHE_RSA_WITH_AES_128_CBC_SHA256, TLS_RSA_WITH_AES_128_CBC_SHA256, TLS_ECDH_ECDSA_WITH_AES_128_CBC_SHA256, TLS_ECDH_RSA_WITH_AES_128_CBC_SHA256, TLS_DHE_RSA_WITH_AES_128_CBC_SHA256, TLS_DHE_DSS_WITH_AES_128_CBC_SHA256, TLS_ECDHE_ECDSA_WITH_AES_128_CBC_SHA, TLS_ECDHE_RSA_WITH_AES_128_CBC_SHA, TLS_RSA_WITH_AES_128_CBC_SHA, TLS_ECDH_ECDSA_WITH_AES_128_CBC_SHA, TLS_ECDH_RSA_WITH_AES_128_CBC_SHA, TLS_DHE_RSA_WITH_AES_128_CBC_SHA, TLS_DHE_DSS_WITH_AES_128_CBC_SHA, TLS_ECDHE_ECDSA_WITH_AES_128_GCM_SHA256, TLS_ECDHE_RSA_WITH_AES_128_GCM_SHA256, TLS_RSA_WITH_AES_128_GCM_SHA256, TLS_ECDH_ECDSA_WITH_AES_128_GCM_SHA256, TLS_ECDH_RSA_WITH_AES_128_GCM_SHA256, TLS_DHE_RSA_WITH_AES_128_GCM_SHA256, TLS_DHE_DSS_WITH_AES_128_GCM_SHA256, TLS_ECDHE_ECDSA_WITH_3DES_EDE_CBC_SHA, TLS_ECDHE_RSA_WITH_3DES_EDE_CBC_SHA, SSL_RSA_WITH_3DES_EDE_CBC_SHA, TLS_ECDH_ECDSA_WITH_3DES_EDE_CBC_SHA, TLS_ECDH_RSA_WITH_3DES_EDE_CBC_SHA, SSL_DHE_RSA_WITH_3DES_EDE_CBC_SHA, SSL_DHE_DSS_WITH_3DES_EDE_CBC_SHA, TLS_EMPTY_RENEGOTIATION_INFO_SCSV]
Compression Methods:  { 0 }
Extension elliptic_curves, curve names: {secp256r1, sect163k1, sect163r2, secp192r1, secp224r1, sect233k1, sect233r1, sect283k1, sect283r1, secp384r1, sect409k1, sect409r1, secp521r1, sect571k1, sect571r1, secp160k1, secp160r1, secp160r2, sect163r1, secp192k1, sect193r1, sect193r2, secp224k1, sect239k1, secp256k1}
Extension ec_point_formats, formats: [uncompressed]
Extension signature_algorithms, signature_algorithms: SHA512withECDSA, SHA512withRSA, SHA384withECDSA, SHA384withRSA, SHA256withECDSA, SHA256withRSA, SHA224withECDSA, SHA224withRSA, SHA1withECDSA, SHA1withRSA, SHA1withDSA
Extension server_name, server_name: [type=host_name (0), value=ci.eclipse.org]
***
[write] MD5 and SHA1 hashes:  len = 216
0000: 01 00 00 D4 03 03 5E 55   5B 47 65 F2 3F 49 9A ED  ......^U[Ge.?I..
0010: 43 9C 13 A1 66 C9 54 B8   30 DA 5C D4 94 49 0B A8  C...f.T.0.\..I..
0020: F8 41 1F E0 2D AD 00 00   3A C0 23 C0 27 00 3C C0  .A..-...:.#.'.<.
0030: 25 C0 29 00 67 00 40 C0   09 C0 13 00 2F C0 04 C0  %.).g.@...../...
0040: 0E 00 33 00 32 C0 2B C0   2F 00 9C C0 2D C0 31 00  ..3.2.+./...-.1.
0050: 9E 00 A2 C0 08 C0 12 00   0A C0 03 C0 0D 00 16 00  ................
0060: 13 00 FF 01 00 00 71 00   0A 00 34 00 32 00 17 00  ......q...4.2...
0070: 01 00 03 00 13 00 15 00   06 00 07 00 09 00 0A 00  ................
0080: 18 00 0B 00 0C 00 19 00   0D 00 0E 00 0F 00 10 00  ................
0090: 11 00 02 00 12 00 04 00   05 00 14 00 08 00 16 00  ................
00A0: 0B 00 02 01 00 00 0D 00   18 00 16 06 03 06 01 05  ................
00B0: 03 05 01 04 03 04 01 03   03 03 01 02 03 02 01 02  ................
00C0: 02 00 00 00 13 00 11 00   00 0E 63 69 2E 65 63 6C  ..........ci.ecl
00D0: 69 70 73 65 2E 6F 72 67                            ipse.org
Worker-1: https://ci.eclipse.org/xtext/job/xtext-lib/job/master/lastStableBuild/artifact/build/p2-repository/p2.index, WRITE: TLSv1.2 Handshake, length = 216
[Raw write]: length = 221
0000: 16 03 03 00 D8 01 00 00   D4 03 03 5E 55 5B 47 65  ...........^U[Ge
0010: F2 3F 49 9A ED 43 9C 13   A1 66 C9 54 B8 30 DA 5C  .?I..C...f.T.0.\
0020: D4 94 49 0B A8 F8 41 1F   E0 2D AD 00 00 3A C0 23  ..I...A..-...:.#
0030: C0 27 00 3C C0 25 C0 29   00 67 00 40 C0 09 C0 13  .'.<.%.).g.@....
0040: 00 2F C0 04 C0 0E 00 33   00 32 C0 2B C0 2F 00 9C  ./.....3.2.+./..
0050: C0 2D C0 31 00 9E 00 A2   C0 08 C0 12 00 0A C0 03  .-.1............
0060: C0 0D 00 16 00 13 00 FF   01 00 00 71 00 0A 00 34  ...........q...4
0070: 00 32 00 17 00 01 00 03   00 13 00 15 00 06 00 07  .2..............
0080: 00 09 00 0A 00 18 00 0B   00 0C 00 19 00 0D 00 0E  ................
0090: 00 0F 00 10 00 11 00 02   00 12 00 04 00 05 00 14  ................
00A0: 00 08 00 16 00 0B 00 02   01 00 00 0D 00 18 00 16  ................
00B0: 06 03 06 01 05 03 05 01   04 03 04 01 03 03 03 01  ................
00C0: 02 03 02 01 02 02 00 00   00 13 00 11 00 00 0E 63  ...............c
00D0: 69 2E 65 63 6C 69 70 73   65 2E 6F 72 67           i.eclipse.org
[Raw read]: length = 5
0000: 15 03 03 00 02                                     .....
[Raw read]: length = 2
0000: 02 28                                              .(
Worker-1: https://ci.eclipse.org/xtext/job/xtext-lib/job/master/lastStableBuild/artifact/build/p2-repository/p2.index, READ: TLSv1.2 Alert, length = 2
Worker-1: https://ci.eclipse.org/xtext/job/xtext-lib/job/master/lastStableBuild/artifact/build/p2-repository/p2.index, RECV TLSv1.2 ALERT:  fatal, handshake_failure
Worker-1: https://ci.eclipse.org/xtext/job/xtext-lib/job/master/lastStableBuild/artifact/build/p2-repository/p2.index, called closeSocket()
Worker-1: https://ci.eclipse.org/xtext/job/xtext-lib/job/master/lastStableBuild/artifact/build/p2-repository/p2.index, handling exception: javax.net.ssl.SSLHandshakeException: Received fatal alert: handshake_failure
[INFO] Adding repository https://ci.eclipse.org/xtext/job/xtext-lib/job/master/lastStableBuild/artifact/build/p2-repository
Ignoring unavailable cipher suite: TLS_DHE_DSS_WITH_AES_256_GCM_SHA384
Ignoring unavailable cipher suite: TLS_RSA_WITH_AES_256_CBC_SHA
Ignoring unavailable cipher suite: TLS_DHE_RSA_WITH_AES_256_GCM_SHA384
Ignoring unavailable cipher suite: TLS_ECDH_ECDSA_WITH_AES_256_CBC_SHA
Ignoring unavailable cipher suite: TLS_ECDHE_ECDSA_WITH_AES_256_GCM_SHA384
Ignoring unavailable cipher suite: TLS_RSA_WITH_AES_256_CBC_SHA256
Ignoring unavailable cipher suite: TLS_DHE_DSS_WITH_AES_256_CBC_SHA
Ignoring unavailable cipher suite: TLS_ECDH_ECDSA_WITH_AES_256_GCM_SHA384
Ignoring unavailable cipher suite: TLS_ECDH_RSA_WITH_AES_256_CBC_SHA384
Ignoring unavailable cipher suite: TLS_RSA_WITH_AES_256_GCM_SHA384
Ignoring unavailable cipher suite: TLS_ECDH_ECDSA_WITH_AES_256_CBC_SHA384
Ignoring unavailable cipher suite: TLS_ECDHE_RSA_WITH_AES_256_CBC_SHA384
Ignoring unavailable cipher suite: TLS_ECDH_RSA_WITH_AES_256_CBC_SHA
Ignoring unavailable cipher suite: TLS_ECDH_RSA_WITH_AES_256_GCM_SHA384
Ignoring unavailable cipher suite: TLS_ECDHE_ECDSA_WITH_AES_256_CBC_SHA384
Ignoring unavailable cipher suite: TLS_DHE_RSA_WITH_AES_256_CBC_SHA256
Ignoring unavailable cipher suite: TLS_ECDHE_ECDSA_WITH_AES_256_CBC_SHA
Ignoring unavailable cipher suite: TLS_DHE_DSS_WITH_AES_256_CBC_SHA256
Ignoring unavailable cipher suite: TLS_DHE_RSA_WITH_AES_256_CBC_SHA
Ignoring unavailable cipher suite: TLS_ECDHE_RSA_WITH_AES_256_CBC_SHA
Ignoring unavailable cipher suite: TLS_ECDHE_RSA_WITH_AES_256_GCM_SHA384
Allow unsafe renegotiation: false
Allow legacy hello messages: true
Is initial handshake: true
Is secure renegotiation: false
Ignoring unsupported cipher suite: TLS_ECDHE_ECDSA_WITH_AES_128_CBC_SHA256 for TLSv1
Ignoring unsupported cipher suite: TLS_ECDHE_RSA_WITH_AES_128_CBC_SHA256 for TLSv1
Ignoring unsupported cipher suite: TLS_RSA_WITH_AES_128_CBC_SHA256 for TLSv1
Ignoring unsupported cipher suite: TLS_ECDH_ECDSA_WITH_AES_128_CBC_SHA256 for TLSv1
Ignoring unsupported cipher suite: TLS_ECDH_RSA_WITH_AES_128_CBC_SHA256 for TLSv1
Ignoring unsupported cipher suite: TLS_DHE_RSA_WITH_AES_128_CBC_SHA256 for TLSv1
Ignoring unsupported cipher suite: TLS_DHE_DSS_WITH_AES_128_CBC_SHA256 for TLSv1
Ignoring unsupported cipher suite: TLS_ECDHE_ECDSA_WITH_AES_128_CBC_SHA256 for TLSv1.1
Ignoring unsupported cipher suite: TLS_ECDHE_RSA_WITH_AES_128_CBC_SHA256 for TLSv1.1
Ignoring unsupported cipher suite: TLS_RSA_WITH_AES_128_CBC_SHA256 for TLSv1.1
Ignoring unsupported cipher suite: TLS_ECDH_ECDSA_WITH_AES_128_CBC_SHA256 for TLSv1.1
Ignoring unsupported cipher suite: TLS_ECDH_RSA_WITH_AES_128_CBC_SHA256 for TLSv1.1
Ignoring unsupported cipher suite: TLS_DHE_RSA_WITH_AES_128_CBC_SHA256 for TLSv1.1
Ignoring unsupported cipher suite: TLS_DHE_DSS_WITH_AES_128_CBC_SHA256 for TLSv1.1
%% No cached client session
*** ClientHello, TLSv1.2
RandomCookie:  GMT: 1582652232 bytes = { 176, 56, 166, 221, 92, 44, 44, 107, 210, 58, 40, 190, 86, 155, 79, 100, 105, 86, 242, 219, 26, 252, 115, 38, 72, 80, 172, 37 }
Session ID:  {}
Cipher Suites: [TLS_ECDHE_ECDSA_WITH_AES_128_CBC_SHA256, TLS_ECDHE_RSA_WITH_AES_128_CBC_SHA256, TLS_RSA_WITH_AES_128_CBC_SHA256, TLS_ECDH_ECDSA_WITH_AES_128_CBC_SHA256, TLS_ECDH_RSA_WITH_AES_128_CBC_SHA256, TLS_DHE_RSA_WITH_AES_128_CBC_SHA256, TLS_DHE_DSS_WITH_AES_128_CBC_SHA256, TLS_ECDHE_ECDSA_WITH_AES_128_CBC_SHA, TLS_ECDHE_RSA_WITH_AES_128_CBC_SHA, TLS_RSA_WITH_AES_128_CBC_SHA, TLS_ECDH_ECDSA_WITH_AES_128_CBC_SHA, TLS_ECDH_RSA_WITH_AES_128_CBC_SHA, TLS_DHE_RSA_WITH_AES_128_CBC_SHA, TLS_DHE_DSS_WITH_AES_128_CBC_SHA, TLS_ECDHE_ECDSA_WITH_AES_128_GCM_SHA256, TLS_ECDHE_RSA_WITH_AES_128_GCM_SHA256, TLS_RSA_WITH_AES_128_GCM_SHA256, TLS_ECDH_ECDSA_WITH_AES_128_GCM_SHA256, TLS_ECDH_RSA_WITH_AES_128_GCM_SHA256, TLS_DHE_RSA_WITH_AES_128_GCM_SHA256, TLS_DHE_DSS_WITH_AES_128_GCM_SHA256, TLS_ECDHE_ECDSA_WITH_3DES_EDE_CBC_SHA, TLS_ECDHE_RSA_WITH_3DES_EDE_CBC_SHA, SSL_RSA_WITH_3DES_EDE_CBC_SHA, TLS_ECDH_ECDSA_WITH_3DES_EDE_CBC_SHA, TLS_ECDH_RSA_WITH_3DES_EDE_CBC_SHA, SSL_DHE_RSA_WITH_3DES_EDE_CBC_SHA, SSL_DHE_DSS_WITH_3DES_EDE_CBC_SHA, TLS_EMPTY_RENEGOTIATION_INFO_SCSV]
Compression Methods:  { 0 }
Extension elliptic_curves, curve names: {secp256r1, sect163k1, sect163r2, secp192r1, secp224r1, sect233k1, sect233r1, sect283k1, sect283r1, secp384r1, sect409k1, sect409r1, secp521r1, sect571k1, sect571r1, secp160k1, secp160r1, secp160r2, sect163r1, secp192k1, sect193r1, sect193r2, secp224k1, sect239k1, secp256k1}
Extension ec_point_formats, formats: [uncompressed]
Extension signature_algorithms, signature_algorithms: SHA512withECDSA, SHA512withRSA, SHA384withECDSA, SHA384withRSA, SHA256withECDSA, SHA256withRSA, SHA224withECDSA, SHA224withRSA, SHA1withECDSA, SHA1withRSA, SHA1withDSA
Extension server_name, server_name: [type=host_name (0), value=ci.eclipse.org]
***
[write] MD5 and SHA1 hashes:  len = 216
0000: 01 00 00 D4 03 03 5E 55   5B 48 B0 38 A6 DD 5C 2C  ......^U[H.8..\,
0010: 2C 6B D2 3A 28 BE 56 9B   4F 64 69 56 F2 DB 1A FC  ,k.:(.V.OdiV....
0020: 73 26 48 50 AC 25 00 00   3A C0 23 C0 27 00 3C C0  s&HP.%..:.#.'.<.
0030: 25 C0 29 00 67 00 40 C0   09 C0 13 00 2F C0 04 C0  %.).g.@...../...
0040: 0E 00 33 00 32 C0 2B C0   2F 00 9C C0 2D C0 31 00  ..3.2.+./...-.1.
0050: 9E 00 A2 C0 08 C0 12 00   0A C0 03 C0 0D 00 16 00  ................
0060: 13 00 FF 01 00 00 71 00   0A 00 34 00 32 00 17 00  ......q...4.2...
0070: 01 00 03 00 13 00 15 00   06 00 07 00 09 00 0A 00  ................
0080: 18 00 0B 00 0C 00 19 00   0D 00 0E 00 0F 00 10 00  ................
0090: 11 00 02 00 12 00 04 00   05 00 14 00 08 00 16 00  ................
00A0: 0B 00 02 01 00 00 0D 00   18 00 16 06 03 06 01 05  ................
00B0: 03 05 01 04 03 04 01 03   03 03 01 02 03 02 01 02  ................
00C0: 02 00 00 00 13 00 11 00   00 0E 63 69 2E 65 63 6C  ..........ci.ecl
00D0: 69 70 73 65 2E 6F 72 67                            ipse.org
Worker-1: https://ci.eclipse.org/xtext/job/xtext-lib/job/master/lastStableBuild/artifact/build/p2-repository/content.jar, WRITE: TLSv1.2 Handshake, length = 216
[Raw write]: length = 221
0000: 16 03 03 00 D8 01 00 00   D4 03 03 5E 55 5B 48 B0  ...........^U[H.
0010: 38 A6 DD 5C 2C 2C 6B D2   3A 28 BE 56 9B 4F 64 69  8..\,,k.:(.V.Odi
0020: 56 F2 DB 1A FC 73 26 48   50 AC 25 00 00 3A C0 23  V....s&HP.%..:.#
0030: C0 27 00 3C C0 25 C0 29   00 67 00 40 C0 09 C0 13  .'.<.%.).g.@....
0040: 00 2F C0 04 C0 0E 00 33   00 32 C0 2B C0 2F 00 9C  ./.....3.2.+./..
0050: C0 2D C0 31 00 9E 00 A2   C0 08 C0 12 00 0A C0 03  .-.1............
0060: C0 0D 00 16 00 13 00 FF   01 00 00 71 00 0A 00 34  ...........q...4
0070: 00 32 00 17 00 01 00 03   00 13 00 15 00 06 00 07  .2..............
0080: 00 09 00 0A 00 18 00 0B   00 0C 00 19 00 0D 00 0E  ................
0090: 00 0F 00 10 00 11 00 02   00 12 00 04 00 05 00 14  ................
00A0: 00 08 00 16 00 0B 00 02   01 00 00 0D 00 18 00 16  ................
00B0: 06 03 06 01 05 03 05 01   04 03 04 01 03 03 03 01  ................
00C0: 02 03 02 01 02 02 00 00   00 13 00 11 00 00 0E 63  ...............c
00D0: 69 2E 65 63 6C 69 70 73   65 2E 6F 72 67           i.eclipse.org
[Raw read]: length = 5
0000: 15 03 03 00 02                                     .....
[Raw read]: length = 2
0000: 02 28                                              .(
Worker-1: https://ci.eclipse.org/xtext/job/xtext-lib/job/master/lastStableBuild/artifact/build/p2-repository/content.jar, READ: TLSv1.2 Alert, length = 2
Worker-1: https://ci.eclipse.org/xtext/job/xtext-lib/job/master/lastStableBuild/artifact/build/p2-repository/content.jar, RECV TLSv1.2 ALERT:  fatal, handshake_failure
Worker-1: https://ci.eclipse.org/xtext/job/xtext-lib/job/master/lastStableBuild/artifact/build/p2-repository/content.jar, called closeSocket()
Worker-1: https://ci.eclipse.org/xtext/job/xtext-lib/job/master/lastStableBuild/artifact/build/p2-repository/content.jar, handling exception: javax.net.ssl.SSLHandshakeException: Received fatal alert: handshake_failure
Ignoring unavailable cipher suite: TLS_DHE_DSS_WITH_AES_256_GCM_SHA384
Ignoring unavailable cipher suite: TLS_RSA_WITH_AES_256_CBC_SHA
Ignoring unavailable cipher suite: TLS_DHE_RSA_WITH_AES_256_GCM_SHA384
Ignoring unavailable cipher suite: TLS_ECDH_ECDSA_WITH_AES_256_CBC_SHA
Ignoring unavailable cipher suite: TLS_ECDHE_ECDSA_WITH_AES_256_GCM_SHA384
Ignoring unavailable cipher suite: TLS_RSA_WITH_AES_256_CBC_SHA256
Ignoring unavailable cipher suite: TLS_DHE_DSS_WITH_AES_256_CBC_SHA
Ignoring unavailable cipher suite: TLS_ECDH_ECDSA_WITH_AES_256_GCM_SHA384
Ignoring unavailable cipher suite: TLS_ECDH_RSA_WITH_AES_256_CBC_SHA384
Ignoring unavailable cipher suite: TLS_RSA_WITH_AES_256_GCM_SHA384
Ignoring unavailable cipher suite: TLS_ECDH_ECDSA_WITH_AES_256_CBC_SHA384
Ignoring unavailable cipher suite: TLS_ECDHE_RSA_WITH_AES_256_CBC_SHA384
Ignoring unavailable cipher suite: TLS_ECDH_RSA_WITH_AES_256_CBC_SHA
Ignoring unavailable cipher suite: TLS_ECDH_RSA_WITH_AES_256_GCM_SHA384
Ignoring unavailable cipher suite: TLS_ECDHE_ECDSA_WITH_AES_256_CBC_SHA384
Ignoring unavailable cipher suite: TLS_DHE_RSA_WITH_AES_256_CBC_SHA256
Ignoring unavailable cipher suite: TLS_ECDHE_ECDSA_WITH_AES_256_CBC_SHA
Ignoring unavailable cipher suite: TLS_DHE_DSS_WITH_AES_256_CBC_SHA256
Ignoring unavailable cipher suite: TLS_DHE_RSA_WITH_AES_256_CBC_SHA
Ignoring unavailable cipher suite: TLS_ECDHE_RSA_WITH_AES_256_CBC_SHA
Ignoring unavailable cipher suite: TLS_ECDHE_RSA_WITH_AES_256_GCM_SHA384
Allow unsafe renegotiation: false
Allow legacy hello messages: true
Is initial handshake: true
Is secure renegotiation: false
Ignoring unsupported cipher suite: TLS_ECDHE_ECDSA_WITH_AES_128_CBC_SHA256 for TLSv1
Ignoring unsupported cipher suite: TLS_ECDHE_RSA_WITH_AES_128_CBC_SHA256 for TLSv1
Ignoring unsupported cipher suite: TLS_RSA_WITH_AES_128_CBC_SHA256 for TLSv1
Ignoring unsupported cipher suite: TLS_ECDH_ECDSA_WITH_AES_128_CBC_SHA256 for TLSv1
Ignoring unsupported cipher suite: TLS_ECDH_RSA_WITH_AES_128_CBC_SHA256 for TLSv1
Ignoring unsupported cipher suite: TLS_DHE_RSA_WITH_AES_128_CBC_SHA256 for TLSv1
Ignoring unsupported cipher suite: TLS_DHE_DSS_WITH_AES_128_CBC_SHA256 for TLSv1
Ignoring unsupported cipher suite: TLS_ECDHE_ECDSA_WITH_AES_128_CBC_SHA256 for TLSv1.1
Ignoring unsupported cipher suite: TLS_ECDHE_RSA_WITH_AES_128_CBC_SHA256 for TLSv1.1
Ignoring unsupported cipher suite: TLS_RSA_WITH_AES_128_CBC_SHA256 for TLSv1.1
Ignoring unsupported cipher suite: TLS_ECDH_ECDSA_WITH_AES_128_CBC_SHA256 for TLSv1.1
Ignoring unsupported cipher suite: TLS_ECDH_RSA_WITH_AES_128_CBC_SHA256 for TLSv1.1
Ignoring unsupported cipher suite: TLS_DHE_RSA_WITH_AES_128_CBC_SHA256 for TLSv1.1
Ignoring unsupported cipher suite: TLS_DHE_DSS_WITH_AES_128_CBC_SHA256 for TLSv1.1
%% No cached client session
*** ClientHello, TLSv1.2
RandomCookie:  GMT: 1582652232 bytes = { 183, 61, 135, 214, 208, 171, 222, 192, 43, 205, 176, 133, 152, 197, 81, 188, 86, 4, 250, 161, 47, 150, 59, 155, 224, 120, 0, 232 }
Session ID:  {}
Cipher Suites: [TLS_ECDHE_ECDSA_WITH_AES_128_CBC_SHA256, TLS_ECDHE_RSA_WITH_AES_128_CBC_SHA256, TLS_RSA_WITH_AES_128_CBC_SHA256, TLS_ECDH_ECDSA_WITH_AES_128_CBC_SHA256, TLS_ECDH_RSA_WITH_AES_128_CBC_SHA256, TLS_DHE_RSA_WITH_AES_128_CBC_SHA256, TLS_DHE_DSS_WITH_AES_128_CBC_SHA256, TLS_ECDHE_ECDSA_WITH_AES_128_CBC_SHA, TLS_ECDHE_RSA_WITH_AES_128_CBC_SHA, TLS_RSA_WITH_AES_128_CBC_SHA, TLS_ECDH_ECDSA_WITH_AES_128_CBC_SHA, TLS_ECDH_RSA_WITH_AES_128_CBC_SHA, TLS_DHE_RSA_WITH_AES_128_CBC_SHA, TLS_DHE_DSS_WITH_AES_128_CBC_SHA, TLS_ECDHE_ECDSA_WITH_AES_128_GCM_SHA256, TLS_ECDHE_RSA_WITH_AES_128_GCM_SHA256, TLS_RSA_WITH_AES_128_GCM_SHA256, TLS_ECDH_ECDSA_WITH_AES_128_GCM_SHA256, TLS_ECDH_RSA_WITH_AES_128_GCM_SHA256, TLS_DHE_RSA_WITH_AES_128_GCM_SHA256, TLS_DHE_DSS_WITH_AES_128_GCM_SHA256, TLS_ECDHE_ECDSA_WITH_3DES_EDE_CBC_SHA, TLS_ECDHE_RSA_WITH_3DES_EDE_CBC_SHA, SSL_RSA_WITH_3DES_EDE_CBC_SHA, TLS_ECDH_ECDSA_WITH_3DES_EDE_CBC_SHA, TLS_ECDH_RSA_WITH_3DES_EDE_CBC_SHA, SSL_DHE_RSA_WITH_3DES_EDE_CBC_SHA, SSL_DHE_DSS_WITH_3DES_EDE_CBC_SHA, TLS_EMPTY_RENEGOTIATION_INFO_SCSV]
Compression Methods:  { 0 }
Extension elliptic_curves, curve names: {secp256r1, sect163k1, sect163r2, secp192r1, secp224r1, sect233k1, sect233r1, sect283k1, sect283r1, secp384r1, sect409k1, sect409r1, secp521r1, sect571k1, sect571r1, secp160k1, secp160r1, secp160r2, sect163r1, secp192k1, sect193r1, sect193r2, secp224k1, sect239k1, secp256k1}
Extension ec_point_formats, formats: [uncompressed]
Extension signature_algorithms, signature_algorithms: SHA512withECDSA, SHA512withRSA, SHA384withECDSA, SHA384withRSA, SHA256withECDSA, SHA256withRSA, SHA224withECDSA, SHA224withRSA, SHA1withECDSA, SHA1withRSA, SHA1withDSA
Extension server_name, server_name: [type=host_name (0), value=ci.eclipse.org]
***
[write] MD5 and SHA1 hashes:  len = 216
0000: 01 00 00 D4 03 03 5E 55   5B 48 B7 3D 87 D6 D0 AB  ......^U[H.=....
0010: DE C0 2B CD B0 85 98 C5   51 BC 56 04 FA A1 2F 96  ..+.....Q.V.../.
0020: 3B 9B E0 78 00 E8 00 00   3A C0 23 C0 27 00 3C C0  ;..x....:.#.'.<.
0030: 25 C0 29 00 67 00 40 C0   09 C0 13 00 2F C0 04 C0  %.).g.@...../...
0040: 0E 00 33 00 32 C0 2B C0   2F 00 9C C0 2D C0 31 00  ..3.2.+./...-.1.
0050: 9E 00 A2 C0 08 C0 12 00   0A C0 03 C0 0D 00 16 00  ................
0060: 13 00 FF 01 00 00 71 00   0A 00 34 00 32 00 17 00  ......q...4.2...
0070: 01 00 03 00 13 00 15 00   06 00 07 00 09 00 0A 00  ................
0080: 18 00 0B 00 0C 00 19 00   0D 00 0E 00 0F 00 10 00  ................
0090: 11 00 02 00 12 00 04 00   05 00 14 00 08 00 16 00  ................
00A0: 0B 00 02 01 00 00 0D 00   18 00 16 06 03 06 01 05  ................
00B0: 03 05 01 04 03 04 01 03   03 03 01 02 03 02 01 02  ................
00C0: 02 00 00 00 13 00 11 00   00 0E 63 69 2E 65 63 6C  ..........ci.ecl
00D0: 69 70 73 65 2E 6F 72 67                            ipse.org
Worker-1: https://ci.eclipse.org/xtext/job/xtext-lib/job/master/lastStableBuild/artifact/build/p2-repository/content.xml, WRITE: TLSv1.2 Handshake, length = 216
[Raw write]: length = 221
0000: 16 03 03 00 D8 01 00 00   D4 03 03 5E 55 5B 48 B7  ...........^U[H.
0010: 3D 87 D6 D0 AB DE C0 2B   CD B0 85 98 C5 51 BC 56  =......+.....Q.V
0020: 04 FA A1 2F 96 3B 9B E0   78 00 E8 00 00 3A C0 23  .../.;..x....:.#
0030: C0 27 00 3C C0 25 C0 29   00 67 00 40 C0 09 C0 13  .'.<.%.).g.@....
0040: 00 2F C0 04 C0 0E 00 33   00 32 C0 2B C0 2F 00 9C  ./.....3.2.+./..
0050: C0 2D C0 31 00 9E 00 A2   C0 08 C0 12 00 0A C0 03  .-.1............
0060: C0 0D 00 16 00 13 00 FF   01 00 00 71 00 0A 00 34  ...........q...4
0070: 00 32 00 17 00 01 00 03   00 13 00 15 00 06 00 07  .2..............
0080: 00 09 00 0A 00 18 00 0B   00 0C 00 19 00 0D 00 0E  ................
0090: 00 0F 00 10 00 11 00 02   00 12 00 04 00 05 00 14  ................
00A0: 00 08 00 16 00 0B 00 02   01 00 00 0D 00 18 00 16  ................
00B0: 06 03 06 01 05 03 05 01   04 03 04 01 03 03 03 01  ................
00C0: 02 03 02 01 02 02 00 00   00 13 00 11 00 00 0E 63  ...............c
00D0: 69 2E 65 63 6C 69 70 73   65 2E 6F 72 67           i.eclipse.org
[Raw read]: length = 5
0000: 15 03 03 00 02                                     .....
[Raw read]: length = 2
0000: 02 28                                              .(
Worker-1: https://ci.eclipse.org/xtext/job/xtext-lib/job/master/lastStableBuild/artifact/build/p2-repository/content.xml, READ: TLSv1.2 Alert, length = 2
Worker-1: https://ci.eclipse.org/xtext/job/xtext-lib/job/master/lastStableBuild/artifact/build/p2-repository/content.xml, RECV TLSv1.2 ALERT:  fatal, handshake_failure
Worker-1: https://ci.eclipse.org/xtext/job/xtext-lib/job/master/lastStableBuild/artifact/build/p2-repository/content.xml, called closeSocket()
Worker-1: https://ci.eclipse.org/xtext/job/xtext-lib/job/master/lastStableBuild/artifact/build/p2-repository/content.xml, handling exception: javax.net.ssl.SSLHandshakeException: Received fatal alert: handshake_failure
[ERROR] Failed to resolve target definition C:\Users\neera\git\commit\xtext-eclipse\releng\org.eclipse.xtext.target\org.eclipse.xtext.target-oxygen.target: Failed to load p2 metadata repository from location https://ci.eclipse.org/xtext/job/xtext-lib/job/master/lastStableBuild/artifact/build/p2-repository/: Unable to read repository at https://ci.eclipse.org/xtext/job/xtext-lib/job/master/lastStableBuild/artifact/build/p2-repository/content.xml. Received fatal alert: handshake_failure -> [Help 1]
[ERROR]
[ERROR] To see the full stack trace of the errors, re-run Maven with the -e switch.
[ERROR] Re-run Maven using the -X switch to enable full debug logging.
[ERROR]
[ERROR] For more information about the errors and possible solutions, please read the following articles:
[ERROR] [Help 1] http://cwiki.apache.org/confluence/display/MAVEN/MavenExecutionException
